<?xml version="1.0" encoding="UTF-8"?>
<testng-results ignored="0" total="1" passed="1" failed="0" skipped="0">
  <reporter-output>
    <line>
      <![CDATA[Chrome browser started]]>
    </line>
    <line>
      <![CDATA[browser maximized]]>
    </line>
    <line>
      <![CDATA[succesfully logged into application]]>
    </line>
    <line>
      <![CDATA[succesfully logged out]]>
    </line>
    <line>
      <![CDATA[browser closed]]>
    </line>
  </reporter-output>
  <suite started-at="2023-07-21T12:14:42 IST" name="Default suite" finished-at="2023-07-21T12:14:54 IST" duration-ms="12535">
    <groups>
    </groups>
    <test started-at="2023-07-21T12:14:42 IST" name="Default test" finished-at="2023-07-21T12:14:54 IST" duration-ms="12535">
      <class name="wishList.TC_001_Test">
        <test-method is-config="true" signature="browserSetup()[pri:0, instance:wishList.TC_001_Test@769f71a9]" started-at="2023-07-21T12:14:42 IST" name="browserSetup" finished-at="2023-07-21T12:14:46 IST" duration-ms="4106" status="PASS">
          <reporter-output>
            <line>
              <![CDATA[Chrome browser started]]>
            </line>
            <line>
              <![CDATA[browser maximized]]>
            </line>
          </reporter-output>
        </test-method> <!-- browserSetup -->
        <test-method is-config="true" signature="loginToApplication()[pri:0, instance:wishList.TC_001_Test@769f71a9]" started-at="2023-07-21T12:14:46 IST" name="loginToApplication" finished-at="2023-07-21T12:14:53 IST" duration-ms="6664" status="PASS">
          <reporter-output>
            <line>
              <![CDATA[succesfully logged into application]]>
            </line>
          </reporter-output>
        </test-method> <!-- loginToApplication -->
        <test-method signature="demo()[pri:0, instance:wishList.TC_001_Test@769f71a9]" started-at="2023-07-21T12:14:53 IST" name="demo" finished-at="2023-07-21T12:14:53 IST" duration-ms="7" status="PASS">
          <reporter-output>
          </reporter-output>
        </test-method> <!-- demo -->
        <test-method is-config="true" signature="logoutFromApplication()[pri:0, instance:wishList.TC_001_Test@769f71a9]" started-at="2023-07-21T12:14:53 IST" name="logoutFromApplication" finished-at="2023-07-21T12:14:54 IST" duration-ms="1346" status="PASS">
          <reporter-output>
            <line>
              <![CDATA[succesfully logged out]]>
            </line>
          </reporter-output>
        </test-method> <!-- logoutFromApplication -->
        <test-method is-config="true" signature="tearDown()[pri:0, instance:wishList.TC_001_Test@769f71a9]" started-at="2023-07-21T12:14:54 IST" name="tearDown" finished-at="2023-07-21T12:14:54 IST" duration-ms="373" status="PASS">
          <reporter-output>
            <line>
              <![CDATA[browser closed]]>
            </line>
          </reporter-output>
        </test-method> <!-- tearDown -->
      </class> <!-- wishList.TC_001_Test -->
    </test> <!-- Default test -->
  </suite> <!-- Default suite -->
</testng-results>
